{
  "stats": {
    "suites": 1,
    "tests": 1,
    "passes": 1,
    "pending": 0,
    "failures": 0,
    "start": "2021-05-03T07:03:13.947Z",
    "end": "2021-05-03T07:03:48.647Z",
    "duration": 34700,
    "testsRegistered": 1,
    "passPercent": 100,
    "pendingPercent": 0,
    "other": 0,
    "hasOther": false,
    "skipped": 0,
    "hasSkipped": false
  },
  "results": [
    {
      "uuid": "c3653097-08b2-48fa-8dd2-56fb46654f91",
      "title": "",
      "fullFile": "cypress\\integration\\demo.spec.js",
      "file": "cypress\\integration\\demo.spec.js",
      "beforeHooks": [],
      "afterHooks": [],
      "tests": [],
      "suites": [
        {
          "uuid": "ab5c1d9f-2eae-41f3-82da-a965d47ec0ec",
          "title": "Verifying Contents , Search and Pokemon on Page ",
          "fullFile": "",
          "file": "",
          "beforeHooks": [],
          "afterHooks": [],
          "tests": [
            {
              "title": "Using Search and Verifying Pokemon  ",
              "fullTitle": "Verifying Contents , Search and Pokemon on Page  Using Search and Verifying Pokemon  ",
              "timedOut": null,
              "duration": 30486,
              "state": "passed",
              "speed": "slow",
              "pass": true,
              "fail": false,
              "pending": false,
              "context": null,
              "code": "basePage.checkSearch();\nbasePage.OpenPokemonNamePage();\nbasePage.checkYNamePokemon();",
              "err": {},
              "uuid": "4dd8d8fc-6c5c-49d5-9fe8-4122474fa377",
              "parentUUID": "ab5c1d9f-2eae-41f3-82da-a965d47ec0ec",
              "isHook": false,
              "skipped": false
            }
          ],
          "suites": [],
          "passes": [
            "4dd8d8fc-6c5c-49d5-9fe8-4122474fa377"
          ],
          "failures": [],
          "pending": [],
          "skipped": [],
          "duration": 30486,
          "root": false,
          "rootEmpty": false,
          "_timeout": 2000
        }
      ],
      "passes": [],
      "failures": [],
      "pending": [],
      "skipped": [],
      "duration": 0,
      "root": true,
      "rootEmpty": true,
      "_timeout": 2000
    }
  ],
  "meta": {
    "mocha": {
      "version": "7.0.1"
    },
    "mochawesome": {
      "options": {
        "quiet": false,
        "reportFilename": "mochawesome",
        "saveHtml": true,
        "saveJson": true,
        "consoleReporter": "spec",
        "useInlineDiffs": false,
        "code": true
      },
      "version": "6.2.2"
    },
    "marge": {
      "options": {
        "id": "default",
        "reportDir": "cypress/reports/mocha",
        "quite": true,
        "overwrite": false,
        "html": true,
        "json": true
      },
      "version": "5.2.0"
    }
  }
}