{
  "stats": {
    "suites": 1,
    "tests": 1,
    "passes": 1,
    "pending": 0,
    "failures": 0,
    "start": "2021-05-03T02:00:15.001Z",
    "end": "2021-05-03T02:00:48.436Z",
    "duration": 33435,
    "testsRegistered": 1,
    "passPercent": 100,
    "pendingPercent": 0,
    "other": 0,
    "hasOther": false,
    "skipped": 0,
    "hasSkipped": false
  },
  "results": [
    {
      "uuid": "d5216b87-37e1-4a2e-a7c0-f45d998826ee",
      "title": "",
      "fullFile": "cypress\\integration\\demo.spec.js",
      "file": "cypress\\integration\\demo.spec.js",
      "beforeHooks": [],
      "afterHooks": [],
      "tests": [],
      "suites": [
        {
          "uuid": "62b8a13b-21bd-443b-8299-a8a8fadaeb29",
          "title": "Verifying Contents , Search and Pokemon on Page ",
          "fullFile": "",
          "file": "",
          "beforeHooks": [],
          "afterHooks": [],
          "tests": [
            {
              "title": "Using Search and Verifying Pokemon  ",
              "fullTitle": "Verifying Contents , Search and Pokemon on Page  Using Search and Verifying Pokemon  ",
              "timedOut": null,
              "duration": 28989,
              "state": "passed",
              "speed": "slow",
              "pass": true,
              "fail": false,
              "pending": false,
              "context": null,
              "code": "basePage.checkSearch();\nbasePage.OpenPokemonNamePage();\nbasePage.checkYNamePokemon();",
              "err": {},
              "uuid": "1395f0ea-47a1-42b5-9f50-78eea8bcc8d7",
              "parentUUID": "62b8a13b-21bd-443b-8299-a8a8fadaeb29",
              "isHook": false,
              "skipped": false
            }
          ],
          "suites": [],
          "passes": [
            "1395f0ea-47a1-42b5-9f50-78eea8bcc8d7"
          ],
          "failures": [],
          "pending": [],
          "skipped": [],
          "duration": 28989,
          "root": false,
          "rootEmpty": false,
          "_timeout": 2000
        }
      ],
      "passes": [],
      "failures": [],
      "pending": [],
      "skipped": [],
      "duration": 0,
      "root": true,
      "rootEmpty": true,
      "_timeout": 2000
    }
  ],
  "meta": {
    "mocha": {
      "version": "7.0.1"
    },
    "mochawesome": {
      "options": {
        "quiet": false,
        "reportFilename": "mochawesome",
        "saveHtml": false,
        "saveJson": true,
        "consoleReporter": "spec",
        "useInlineDiffs": false,
        "code": true
      },
      "version": "6.2.2"
    },
    "marge": {
      "options": {
        "reportDir": "cypress/results",
        "overwrite": false,
        "html": false,
        "json": true
      },
      "version": "5.2.0"
    }
  }
}