{
  "stats": {
    "suites": 1,
    "tests": 1,
    "passes": 1,
    "pending": 0,
    "failures": 0,
    "start": "2021-05-03T01:50:52.399Z",
    "end": "2021-05-03T01:51:39.183Z",
    "duration": 46784,
    "testsRegistered": 1,
    "passPercent": 100,
    "pendingPercent": 0,
    "other": 0,
    "hasOther": false,
    "skipped": 0,
    "hasSkipped": false
  },
  "results": [
    {
      "uuid": "96219440-2f2e-419d-a1d7-10df39fad185",
      "title": "",
      "fullFile": "cypress\\integration\\demo.spec.js",
      "file": "cypress\\integration\\demo.spec.js",
      "beforeHooks": [],
      "afterHooks": [],
      "tests": [],
      "suites": [
        {
          "uuid": "fcdecd2e-6761-43ca-8b83-afb369a1ef81",
          "title": "Verifying Contents , Search and Pokemon on Page ",
          "fullFile": "",
          "file": "",
          "beforeHooks": [],
          "afterHooks": [],
          "tests": [
            {
              "title": "Using Search and Verifying Pokemon  ",
              "fullTitle": "Verifying Contents , Search and Pokemon on Page  Using Search and Verifying Pokemon  ",
              "timedOut": null,
              "duration": 42056,
              "state": "passed",
              "speed": "slow",
              "pass": true,
              "fail": false,
              "pending": false,
              "context": null,
              "code": "basePage.checkSearch();\nbasePage.OpenPokemonNamePage();\nbasePage.checkYNamePokemon();",
              "err": {},
              "uuid": "4a9a9a9c-8546-411f-862d-a0d9ff828a4b",
              "parentUUID": "fcdecd2e-6761-43ca-8b83-afb369a1ef81",
              "isHook": false,
              "skipped": false
            }
          ],
          "suites": [],
          "passes": [
            "4a9a9a9c-8546-411f-862d-a0d9ff828a4b"
          ],
          "failures": [],
          "pending": [],
          "skipped": [],
          "duration": 42056,
          "root": false,
          "rootEmpty": false,
          "_timeout": 2000
        }
      ],
      "passes": [],
      "failures": [],
      "pending": [],
      "skipped": [],
      "duration": 0,
      "root": true,
      "rootEmpty": true,
      "_timeout": 2000
    }
  ],
  "meta": {
    "mocha": {
      "version": "7.0.1"
    },
    "mochawesome": {
      "options": {
        "quiet": false,
        "reportFilename": "mochawesome",
        "saveHtml": false,
        "saveJson": true,
        "consoleReporter": "spec",
        "useInlineDiffs": false,
        "code": true
      },
      "version": "6.2.2"
    },
    "marge": {
      "options": {
        "reportDir": "cypress/results",
        "overwrite": false,
        "html": false,
        "json": true
      },
      "version": "5.2.0"
    }
  }
}