{
  "stats": {
    "suites": 1,
    "tests": 1,
    "passes": 1,
    "pending": 0,
    "failures": 0,
    "start": "2021-05-03T03:27:31.595Z",
    "end": "2021-05-03T03:28:06.059Z",
    "duration": 34464,
    "testsRegistered": 1,
    "passPercent": 100,
    "pendingPercent": 0,
    "other": 0,
    "hasOther": false,
    "skipped": 0,
    "hasSkipped": false
  },
  "results": [
    {
      "uuid": "4bf1815b-b6aa-4810-ae32-f4c84911e721",
      "title": "",
      "fullFile": "cypress\\integration\\demo.spec.js",
      "file": "cypress\\integration\\demo.spec.js",
      "beforeHooks": [],
      "afterHooks": [],
      "tests": [],
      "suites": [
        {
          "uuid": "dec56574-ea2a-4186-8969-488a4a6ef6e1",
          "title": "Verifying Contents , Search and Pokemon on Page ",
          "fullFile": "",
          "file": "",
          "beforeHooks": [],
          "afterHooks": [],
          "tests": [
            {
              "title": "Using Search and Verifying Pokemon  ",
              "fullTitle": "Verifying Contents , Search and Pokemon on Page  Using Search and Verifying Pokemon  ",
              "timedOut": null,
              "duration": 30215,
              "state": "passed",
              "speed": "slow",
              "pass": true,
              "fail": false,
              "pending": false,
              "context": null,
              "code": "basePage.checkSearch();\nbasePage.OpenPokemonNamePage();\nbasePage.checkYNamePokemon();",
              "err": {},
              "uuid": "827f44a2-c5ba-477a-ad5d-cd0026313a7e",
              "parentUUID": "dec56574-ea2a-4186-8969-488a4a6ef6e1",
              "isHook": false,
              "skipped": false
            }
          ],
          "suites": [],
          "passes": [
            "827f44a2-c5ba-477a-ad5d-cd0026313a7e"
          ],
          "failures": [],
          "pending": [],
          "skipped": [],
          "duration": 30215,
          "root": false,
          "rootEmpty": false,
          "_timeout": 2000
        }
      ],
      "passes": [],
      "failures": [],
      "pending": [],
      "skipped": [],
      "duration": 0,
      "root": true,
      "rootEmpty": true,
      "_timeout": 2000
    }
  ],
  "meta": {
    "mocha": {
      "version": "7.0.1"
    },
    "mochawesome": {
      "options": {
        "quiet": false,
        "reportFilename": "mochawesome",
        "saveHtml": false,
        "saveJson": true,
        "consoleReporter": "spec",
        "useInlineDiffs": false,
        "code": true
      },
      "version": "6.2.2"
    },
    "marge": {
      "options": {
        "reportDir": "cypress/reports/mochawesome-report",
        "overwrite": false,
        "html": false,
        "json": true,
        "timestamp": "mmddyyyy_HHMMss"
      },
      "version": "5.2.0"
    }
  }
}